<!DOCTYPE html>
<html>
<head>
    <title>TestReport</title>
    <meta charset="utf-8">
    <meta name="viewport" content="width=device-width, initial-scale=1.0">
    <link rel="stylesheet" href="https://maxcdn.bootstrapcdn.com/bootstrap/3.3.6/css/bootstrap.min.css" integrity="sha384-1q8mTJOASx8j1Au+a5WDVnPi2lkFfwwEAa8hDDdjZlpLegxhjVME1fgjWPGmkzs7" crossorigin="anonymous">
</head>
<body>
    <div class="container">
        <div class="row">
            <div class="col-xs-12">
                <h2 class="text-capitalize">TestReport</h2>
                <p class='attribute'><strong>Start Time: </strong>2023-10-04 17:56:41</p>
                <p class='attribute'><strong>Duration: </strong>219.03 s</p>
                <p class='attribute'><strong>Summary: </strong>Total: 12, Pass: 10, Error: 2</p>
            </div>
        </div>
        <div class="row">
            <div class="col-xs-12 col-sm-10 col-md-10">
                <table class='table table-hover table-responsive'>
                    <thead>
                        <tr>
                            <th>proiect_final.Test2</th>
                            <th>Status</th>
                            <th></th>
                        </tr>
                    </thead>
                    <tbody>
                        <tr class='success'>
                            <td class="col-xs-10">test_Contact_page_url</td>
                            <td class="col-xs-1">
                                <span class="label label-success" style="display:block;width:40px;">Pass</span>
                            </td>
                            <td class="col-xs-1">
                            </td>
                        </tr>
                        <tr class='success'>
                            <td class="col-xs-10">test_Login_to_your_account</td>
                            <td class="col-xs-1">
                                <span class="label label-success" style="display:block;width:40px;">Pass</span>
                            </td>
                            <td class="col-xs-1">
                            </td>
                        </tr>
                        <tr class='success'>
                            <td class="col-xs-10">test_New_User_Signup_form_is_visible</td>
                            <td class="col-xs-1">
                                <span class="label label-success" style="display:block;width:40px;">Pass</span>
                            </td>
                            <td class="col-xs-1">
                            </td>
                        </tr>
                        <tr class='success'>
                            <td class="col-xs-10">test_email_subscribed_option</td>
                            <td class="col-xs-1">
                                <span class="label label-success" style="display:block;width:40px;">Pass</span>
                            </td>
                            <td class="col-xs-1">
                            </td>
                        </tr>
                        <tr class='success'>
                            <td class="col-xs-10">test_existing_email</td>
                            <td class="col-xs-1">
                                <span class="label label-success" style="display:block;width:40px;">Pass</span>
                            </td>
                            <td class="col-xs-1">
                            </td>
                        </tr>
                        <tr class='success'>
                            <td class="col-xs-10">test_home_page_title</td>
                            <td class="col-xs-1">
                                <span class="label label-success" style="display:block;width:40px;">Pass</span>
                            </td>
                            <td class="col-xs-1">
                            </td>
                        </tr>
                        <tr class='success'>
                            <td class="col-xs-10">test_incorect_email_or_password</td>
                            <td class="col-xs-1">
                                <span class="label label-success" style="display:block;width:40px;">Pass</span>
                            </td>
                            <td class="col-xs-1">
                            </td>
                        </tr>
                        <tr class='warning'>
                            <td class="col-xs-10">test_login</td>
                            <td class="col-xs-1">
                                <span class="label label-warning" style="display:block;width:40px;">Error</span>
                            </td>
                            <td class="col-xs-1">
                                <button class="btn btn-default btn-xs">View</button>
                            </td>
                        </tr>
                        <tr style="display:none;">
                            <td class="col-xs-9" colspan="3"><p style="color:maroon;">ElementClickInterceptedException: Message: element click intercepted: Element <input type="submit" data-qa="submit-button" name="submit" class="btn btn-primary pull-left submit_form" value="Submit"> is not clickable at point (237, 653). Other element would receive the click: <div id="aswift_4_host" tabindex="0" title="Advertisement" aria-label="Advertisement" style="border: none !important; height: 124px !important; width: 100% !important; margin: 0px !important; padding: 0px !important; position: relative !important; visibility: visible !important; background-color: transparent !important; display: inline-block !important; inset: auto !important; clear: none !important; float: none !important; max-height: none !important; max-width: none !important; opacity: 1 !important; overflow: visible !important; vertical-align: baseline !important; z-index: auto !important;">...</div>
  (Session info: chrome=117.0.5938.134)
Stacktrace:
	GetHandleVerifier [0x0036CEB3+45171]
	(No symbol) [0x002F9101]
	(No symbol) [0x001EBE1D]
	(No symbol) [0x00223B91]
	(No symbol) [0x0022268F]
	(No symbol) [0x00220C7B]
	(No symbol) [0x00220015]
	(No symbol) [0x0021856A]
	(No symbol) [0x0023B04C]
	(No symbol) [0x00217FA6]
	(No symbol) [0x0023B2C4]
	(No symbol) [0x0024DCFA]
	(No symbol) [0x0023AE46]
	(No symbol) [0x0021675E]
	(No symbol) [0x002178FD]
	GetHandleVerifier [0x006254B9+2897529]
	GetHandleVerifier [0x0066DC6B+3194411]
	GetHandleVerifier [0x00667A41+3169281]
	GetHandleVerifier [0x003F6130+606960]
	(No symbol) [0x00302E7C]
	(No symbol) [0x002FF008]
	(No symbol) [0x002FF12F]
	(No symbol) [0x002F1827]
	BaseThreadInitThunk [0x77087BA9+25]
	RtlInitializeExceptionChain [0x7730B79B+107]
	RtlClearBits [0x7730B71F+191]
</p><p style="color:maroon;">Traceback (most recent call last):
  File "C:\Users\vanes\PycharmProjects\ProiectFinalStuparuMagdalena\proiect_final.py", line 176, in test_login
    self.chrome.find_element(*self.Submit_btn).click()
  File "C:\Users\vanes\Desktop\ProiectFinalStuparuMagdalena\lib\site-packages\selenium\webdriver\remote\webelement.py", line 93, in click
    self._execute(Command.CLICK_ELEMENT)
  File "C:\Users\vanes\Desktop\ProiectFinalStuparuMagdalena\lib\site-packages\selenium\webdriver\remote\webelement.py", line 394, in _execute
    return self._parent.execute(command, params)
  File "C:\Users\vanes\Desktop\ProiectFinalStuparuMagdalena\lib\site-packages\selenium\webdriver\remote\webdriver.py", line 344, in execute
    self.error_handler.check_response(response)
  File "C:\Users\vanes\Desktop\ProiectFinalStuparuMagdalena\lib\site-packages\selenium\webdriver\remote\errorhandler.py", line 229, in check_response
    raise exception_class(message, screen, stacktrace)
selenium.common.exceptions.ElementClickInterceptedException: Message: element click intercepted: Element <input type="submit" data-qa="submit-button" name="submit" class="btn btn-primary pull-left submit_form" value="Submit"> is not clickable at point (237, 653). Other element would receive the click: <div id="aswift_4_host" tabindex="0" title="Advertisement" aria-label="Advertisement" style="border: none !important; height: 124px !important; width: 100% !important; margin: 0px !important; padding: 0px !important; position: relative !important; visibility: visible !important; background-color: transparent !important; display: inline-block !important; inset: auto !important; clear: none !important; float: none !important; max-height: none !important; max-width: none !important; opacity: 1 !important; overflow: visible !important; vertical-align: baseline !important; z-index: auto !important;">...</div>
  (Session info: chrome=117.0.5938.134)
Stacktrace:
	GetHandleVerifier [0x0036CEB3+45171]
	(No symbol) [0x002F9101]
	(No symbol) [0x001EBE1D]
	(No symbol) [0x00223B91]
	(No symbol) [0x0022268F]
	(No symbol) [0x00220C7B]
	(No symbol) [0x00220015]
	(No symbol) [0x0021856A]
	(No symbol) [0x0023B04C]
	(No symbol) [0x00217FA6]
	(No symbol) [0x0023B2C4]
	(No symbol) [0x0024DCFA]
	(No symbol) [0x0023AE46]
	(No symbol) [0x0021675E]
	(No symbol) [0x002178FD]
	GetHandleVerifier [0x006254B9+2897529]
	GetHandleVerifier [0x0066DC6B+3194411]
	GetHandleVerifier [0x00667A41+3169281]
	GetHandleVerifier [0x003F6130+606960]
	(No symbol) [0x00302E7C]
	(No symbol) [0x002FF008]
	(No symbol) [0x002FF12F]
	(No symbol) [0x002F1827]
	BaseThreadInitThunk [0x77087BA9+25]
	RtlInitializeExceptionChain [0x7730B79B+107]
	RtlClearBits [0x7730B71F+191]

</p>
                            </td>
                        </tr>
                        <tr class='warning'>
                            <td class="col-xs-10">test_new_user_login</td>
                            <td class="col-xs-1">
                                <span class="label label-warning" style="display:block;width:40px;">Error</span>
                            </td>
                            <td class="col-xs-1">
                                <button class="btn btn-default btn-xs">View</button>
                            </td>
                        </tr>
                        <tr style="display:none;">
                            <td class="col-xs-9" colspan="3"><p style="color:maroon;">ElementClickInterceptedException: Message: element click intercepted: Element <button type="submit" data-qa="create-account" class="btn btn-default">...</button> is not clickable at point (359, 678). Other element would receive the click: <iframe id="aswift_5" name="aswift_5" style="width: 1005px !important; height: 124px !important; display: block; margin: 0px auto;" sandbox="allow-forms allow-popups allow-popups-to-escape-sandbox allow-same-origin allow-scripts allow-top-navigation-by-user-activation" width="1005" height="124" frameborder="0" marginwidth="0" marginheight="0" vspace="0" hspace="0" allowtransparency="true" scrolling="no" src="https://googleads.g.doubleclick.net/pagead/html/r20231002/r20110914/zrt_lookup.html?fsb=1#RS-1-&amp;adk=1812271801&amp;client=ca-pub-1677597403311019&amp;fa=1&amp;ifi=6&amp;uci=a!6&amp;btvi=4&amp;xpc=5FEQtZ3sya&amp;p=https%3A//automationexercise.com" data-google-container-id="a!6" data-google-query-id="CLDUlZHU3IEDFdoLogMdyH4FZQ" data-load-complete="true"></iframe>
  (Session info: chrome=117.0.5938.134)
Stacktrace:
	GetHandleVerifier [0x00BCCEB3+45171]
	(No symbol) [0x00B59101]
	(No symbol) [0x00A4BE1D]
	(No symbol) [0x00A83B91]
	(No symbol) [0x00A8268F]
	(No symbol) [0x00A80C7B]
	(No symbol) [0x00A80015]
	(No symbol) [0x00A7856A]
	(No symbol) [0x00A9B04C]
	(No symbol) [0x00A77FA6]
	(No symbol) [0x00A9B2C4]
	(No symbol) [0x00AADCFA]
	(No symbol) [0x00A9AE46]
	(No symbol) [0x00A7675E]
	(No symbol) [0x00A778FD]
	GetHandleVerifier [0x00E854B9+2897529]
	GetHandleVerifier [0x00ECDC6B+3194411]
	GetHandleVerifier [0x00EC7A41+3169281]
	GetHandleVerifier [0x00C56130+606960]
	(No symbol) [0x00B62E7C]
	(No symbol) [0x00B5F008]
	(No symbol) [0x00B5F12F]
	(No symbol) [0x00B51827]
	BaseThreadInitThunk [0x77087BA9+25]
	RtlInitializeExceptionChain [0x7730B79B+107]
	RtlClearBits [0x7730B71F+191]
</p><p style="color:maroon;">Traceback (most recent call last):
  File "C:\Users\vanes\PycharmProjects\ProiectFinalStuparuMagdalena\proiect_final.py", line 115, in test_new_user_login
    self.chrome.find_element(*self.Create_account).click()
  File "C:\Users\vanes\Desktop\ProiectFinalStuparuMagdalena\lib\site-packages\selenium\webdriver\remote\webelement.py", line 93, in click
    self._execute(Command.CLICK_ELEMENT)
  File "C:\Users\vanes\Desktop\ProiectFinalStuparuMagdalena\lib\site-packages\selenium\webdriver\remote\webelement.py", line 394, in _execute
    return self._parent.execute(command, params)
  File "C:\Users\vanes\Desktop\ProiectFinalStuparuMagdalena\lib\site-packages\selenium\webdriver\remote\webdriver.py", line 344, in execute
    self.error_handler.check_response(response)
  File "C:\Users\vanes\Desktop\ProiectFinalStuparuMagdalena\lib\site-packages\selenium\webdriver\remote\errorhandler.py", line 229, in check_response
    raise exception_class(message, screen, stacktrace)
selenium.common.exceptions.ElementClickInterceptedException: Message: element click intercepted: Element <button type="submit" data-qa="create-account" class="btn btn-default">...</button> is not clickable at point (359, 678). Other element would receive the click: <iframe id="aswift_5" name="aswift_5" style="width: 1005px !important; height: 124px !important; display: block; margin: 0px auto;" sandbox="allow-forms allow-popups allow-popups-to-escape-sandbox allow-same-origin allow-scripts allow-top-navigation-by-user-activation" width="1005" height="124" frameborder="0" marginwidth="0" marginheight="0" vspace="0" hspace="0" allowtransparency="true" scrolling="no" src="https://googleads.g.doubleclick.net/pagead/html/r20231002/r20110914/zrt_lookup.html?fsb=1#RS-1-&amp;adk=1812271801&amp;client=ca-pub-1677597403311019&amp;fa=1&amp;ifi=6&amp;uci=a!6&amp;btvi=4&amp;xpc=5FEQtZ3sya&amp;p=https%3A//automationexercise.com" data-google-container-id="a!6" data-google-query-id="CLDUlZHU3IEDFdoLogMdyH4FZQ" data-load-complete="true"></iframe>
  (Session info: chrome=117.0.5938.134)
Stacktrace:
	GetHandleVerifier [0x00BCCEB3+45171]
	(No symbol) [0x00B59101]
	(No symbol) [0x00A4BE1D]
	(No symbol) [0x00A83B91]
	(No symbol) [0x00A8268F]
	(No symbol) [0x00A80C7B]
	(No symbol) [0x00A80015]
	(No symbol) [0x00A7856A]
	(No symbol) [0x00A9B04C]
	(No symbol) [0x00A77FA6]
	(No symbol) [0x00A9B2C4]
	(No symbol) [0x00AADCFA]
	(No symbol) [0x00A9AE46]
	(No symbol) [0x00A7675E]
	(No symbol) [0x00A778FD]
	GetHandleVerifier [0x00E854B9+2897529]
	GetHandleVerifier [0x00ECDC6B+3194411]
	GetHandleVerifier [0x00EC7A41+3169281]
	GetHandleVerifier [0x00C56130+606960]
	(No symbol) [0x00B62E7C]
	(No symbol) [0x00B5F008]
	(No symbol) [0x00B5F12F]
	(No symbol) [0x00B51827]
	BaseThreadInitThunk [0x77087BA9+25]
	RtlInitializeExceptionChain [0x7730B79B+107]
	RtlClearBits [0x7730B71F+191]

</p>
                            </td>
                        </tr>
                        <tr class='success'>
                            <td class="col-xs-10">test_page_title</td>
                            <td class="col-xs-1">
                                <span class="label label-success" style="display:block;width:40px;">Pass</span>
                            </td>
                            <td class="col-xs-1">
                            </td>
                        </tr>
                        <tr class='success'>
                            <td class="col-xs-10">test_sign_up_and_login_page_title</td>
                            <td class="col-xs-1">
                                <span class="label label-success" style="display:block;width:40px;">Pass</span>
                            </td>
                            <td class="col-xs-1">
                            </td>
                        </tr>
                        <tr class='success'>
                            <td class="col-xs-10">test_url</td>
                            <td class="col-xs-1">
                                <span class="label label-success" style="display:block;width:40px;">Pass</span>
                            </td>
                            <td class="col-xs-1">
                            </td>
                        </tr>
                        <tr>
                            <td colspan="3">
                                Total: 12, Pass: 10, Error: 2 -- Duration: 219.03 s
                            </td>
                        </tr>
                    </tbody>
                </table>
            </div>
        </div>
    </div>
    <script src="https://ajax.googleapis.com/ajax/libs/jquery/2.2.4/jquery.min.js"></script>
    <script type="text/javascript">
        $(document).ready(function(){
            $('td').on('click', '.btn', function(e){
                e.preventDefault();
                e.stopImmediatePropagation();
                var $this = $(this);
                var $nextRow = $this.closest('tr').next('tr');
                $nextRow.slideToggle("fast");
                $this.text(function(i, text){
                    if (text === 'View') {
                        return 'Hide';
                    } else {
                        return 'View';
                    };
                });
            });
        });
    </script>
</body>
</html